c:\users\artas\source\repos\pointcloudgenerationtrieye\pointcloudgenerationtrieye\x64\release\main.obj
c:\users\artas\source\repos\pointcloudgenerationtrieye\pointcloudgenerationtrieye\x64\release\calibrataiondataselectionwidget.obj
c:\users\artas\source\repos\pointcloudgenerationtrieye\pointcloudgenerationtrieye\x64\release\pointcloudgenerationtrieye.obj
c:\users\artas\source\repos\pointcloudgenerationtrieye\pointcloudgenerationtrieye\x64\release\dataselectionwidget.obj
c:\users\artas\source\repos\pointcloudgenerationtrieye\pointcloudgenerationtrieye\x64\release\moc_pointcloudgenerationtrieye.obj
c:\users\artas\source\repos\pointcloudgenerationtrieye\pointcloudgenerationtrieye\x64\release\moc_calibrationdataselectionwidget.obj
c:\users\artas\source\repos\pointcloudgenerationtrieye\pointcloudgenerationtrieye\x64\release\qrc_pointcloudgenerationtrieye.obj
c:\users\artas\source\repos\pointcloudgenerationtrieye\pointcloudgenerationtrieye\x64\release\moc_dataselectionwidget.obj
c:\users\artas\source\repos\pointcloudgenerationtrieye\x64\release\pointcloudgenerationtrieye.exe
c:\users\artas\source\repos\pointcloudgenerationtrieye\pointcloudgenerationtrieye\x64\release\moc\moc_pointcloudgenerationtrieye.cpp
c:\users\artas\source\repos\pointcloudgenerationtrieye\pointcloudgenerationtrieye\x64\release\moc\moc_dataselectionwidget.cpp
c:\users\artas\source\repos\pointcloudgenerationtrieye\pointcloudgenerationtrieye\x64\release\moc\moc_calibrationdataselectionwidget.cpp
c:\users\artas\source\repos\pointcloudgenerationtrieye\pointcloudgenerationtrieye\x64\release\uic\ui_pointcloudgenerationtrieye.h
c:\users\artas\source\repos\pointcloudgenerationtrieye\pointcloudgenerationtrieye\x64\release\rcc\qrc_pointcloudgenerationtrieye.cpp
c:\users\artas\source\repos\pointcloudgenerationtrieye\pointcloudgenerationtrieye\x64\release\pointclo.7d43133f.tlog\cl.12404.write.1.tlog
c:\users\artas\source\repos\pointcloudgenerationtrieye\pointcloudgenerationtrieye\x64\release\pointclo.7d43133f.tlog\cl.command.1.tlog
c:\users\artas\source\repos\pointcloudgenerationtrieye\pointcloudgenerationtrieye\x64\release\pointclo.7d43133f.tlog\cl.read.1.tlog
c:\users\artas\source\repos\pointcloudgenerationtrieye\pointcloudgenerationtrieye\x64\release\pointclo.7d43133f.tlog\link.command.1.tlog
c:\users\artas\source\repos\pointcloudgenerationtrieye\pointcloudgenerationtrieye\x64\release\pointclo.7d43133f.tlog\link.read.1.tlog
c:\users\artas\source\repos\pointcloudgenerationtrieye\pointcloudgenerationtrieye\x64\release\pointclo.7d43133f.tlog\link.write.1.tlog
c:\users\artas\source\repos\pointcloudgenerationtrieye\pointcloudgenerationtrieye\x64\release\pointclo.7d43133f.tlog\moc.read.1u.tlog
c:\users\artas\source\repos\pointcloudgenerationtrieye\pointcloudgenerationtrieye\x64\release\pointclo.7d43133f.tlog\moc.write.1u.tlog
c:\users\artas\source\repos\pointcloudgenerationtrieye\pointcloudgenerationtrieye\x64\release\pointclo.7d43133f.tlog\pointcloudgenerationtrieye.write.1u.tlog
c:\users\artas\source\repos\pointcloudgenerationtrieye\pointcloudgenerationtrieye\x64\release\pointclo.7d43133f.tlog\rcc.read.1u.tlog
c:\users\artas\source\repos\pointcloudgenerationtrieye\pointcloudgenerationtrieye\x64\release\pointclo.7d43133f.tlog\rcc.write.1u.tlog
c:\users\artas\source\repos\pointcloudgenerationtrieye\pointcloudgenerationtrieye\x64\release\pointclo.7d43133f.tlog\uic.read.1u.tlog
c:\users\artas\source\repos\pointcloudgenerationtrieye\pointcloudgenerationtrieye\x64\release\pointclo.7d43133f.tlog\uic.write.1u.tlog
